/*C13*/SET SCHEMA PUBLIC
INSERT INTO PERSONNE VALUES(9,'aaa','aaa','aaa')
ALTER SEQUENCE PUBLIC.HIBERNATE_SEQUENCE RESTART WITH 10
COMMIT
/*C12*/SET SCHEMA PUBLIC
INSERT INTO MESSAGE VALUES(10,'rew','aaa',9,3)
ALTER SEQUENCE PUBLIC.HIBERNATE_SEQUENCE RESTART WITH 11
COMMIT
INSERT INTO MESSAGE VALUES(11,'doff','aaa',9,3)
ALTER SEQUENCE PUBLIC.HIBERNATE_SEQUENCE RESTART WITH 12
COMMIT
/*C15*/SET SCHEMA PUBLIC
DISCONNECT
/*C13*/DISCONNECT
/*C16*/SET SCHEMA PUBLIC
DISCONNECT
/*C17*/SET SCHEMA PUBLIC
DISCONNECT
/*C19*/SET SCHEMA PUBLIC
DISCONNECT
/*C18*/SET SCHEMA PUBLIC
DISCONNECT
/*C12*/DISCONNECT
/*C20*/SET SCHEMA PUBLIC
DISCONNECT
/*C14*/SET SCHEMA PUBLIC
DISCONNECT
/*C21*/SET SCHEMA PUBLIC
DISCONNECT
